2025-04-26 14:43:53 - INFO - 左侧面板创建完成
2025-04-26 14:43:53 - INFO - 中间面板创建完成
2025-04-26 14:43:53 - INFO - 右侧面板创建完成
2025-04-26 14:43:53 - INFO - 底部面板创建完成
2025-04-26 14:43:53 - INFO - 菜单栏创建完成
2025-04-26 14:43:53 - INFO - 工具栏初始化完成
2025-04-26 14:43:53 - INFO - 工具栏创建完成
2025-04-26 14:43:53 - INFO - 主题应用完成
2025-04-26 14:43:53 - INFO - UI初始化完成
2025-04-26 14:43:53 - INFO - 信号连接完成
2025-04-26 14:43:53 - INFO - 性能监控面板初始化完成
2025-04-26 14:43:53 - INFO - 性能监控已启动
2025-04-26 14:43:53 - INFO - 性能监控系统已启动
2025-04-26 14:43:53 - INFO - 交易系统主窗口初始化完成
2025-04-26 14:43:55 - WARNING - CPU使用率过高: 293.0%
2025-04-26 14:43:55 - WARNING - CPU使用率过高: 293.0%
2025-04-26 14:43:58 - WARNING - CPU使用率过高: 390.6%
2025-04-26 14:43:58 - WARNING - CPU使用率过高: 390.6%
2025-04-26 14:43:59 - WARNING - CPU使用率过高: 100.8%
2025-04-26 14:43:59 - WARNING - CPU使用率过高: 100.8%
2025-04-26 14:44:00 - WARNING - CPU使用率过高: 403.2%
2025-04-26 14:44:00 - WARNING - CPU使用率过高: 403.2%
2025-04-26 14:44:01 - WARNING - CPU使用率过高: 151.2%
2025-04-26 14:44:01 - WARNING - CPU使用率过高: 151.2%
2025-04-26 14:44:02 - WARNING - CPU使用率过高: 1354.2%
2025-04-26 14:44:02 - WARNING - CPU使用率过高: 1354.2%
2025-04-26 14:44:03 - WARNING - CPU使用率过高: 82.3%
2025-04-26 14:44:03 - WARNING - 请先选择股票
